Build started 26/06/2018 20:24:32.
     1>Project "C:\Users\tubas\Desktop\debug grupo\truco-modular\T4-debug\T4-debug.vcxproj" on node 2 (build target(s)).
     1>InitializeBuildStatus:
         Creating "Release\T4-debug.unsuccessfulbuild" because "AlwaysCreate" was specified.
       ClCompile:
         C:\Program Files (x86)\Microsoft Visual Studio 10.0\VC\bin\CL.exe /c /Zi /nologo /W3 /WX- /O2 /Oi /Oy- /GL /D WIN32 /D NDEBUG /D _CONSOLE /D _UNICODE /D UNICODE /Gm- /EHsc /MD /GS /Gy /fp:precise /Zc:wchar_t /Zc:forScope /Fo"Release\\" /Fd"Release\vc100.pdb" /Gd /TC /analyze- /errorReport:prompt PARTIDA.c
         PARTIDA.c
     1>PARTIDA.c(91): warning C4996: 'strcpy': This function or variable may be unsafe. Consider using strcpy_s instead. To disable deprecation, use _CRT_SECURE_NO_WARNINGS. See online help for details.
     1>PARTIDA.c(157): warning C4996: 'scanf': This function or variable may be unsafe. Consider using scanf_s instead. To disable deprecation, use _CRT_SECURE_NO_WARNINGS. See online help for details.
                 C:\Program Files (x86)\Microsoft Visual Studio 10.0\VC\include\stdio.h(304) : see declaration of 'scanf'
     1>PARTIDA.c(186): warning C4996: 'scanf': This function or variable may be unsafe. Consider using scanf_s instead. To disable deprecation, use _CRT_SECURE_NO_WARNINGS. See online help for details.
                 C:\Program Files (x86)\Microsoft Visual Studio 10.0\VC\include\stdio.h(304) : see declaration of 'scanf'
     1>PARTIDA.c(234): warning C4996: 'scanf': This function or variable may be unsafe. Consider using scanf_s instead. To disable deprecation, use _CRT_SECURE_NO_WARNINGS. See online help for details.
                 C:\Program Files (x86)\Microsoft Visual Studio 10.0\VC\include\stdio.h(304) : see declaration of 'scanf'
     1>PARTIDA.c(239): warning C4996: 'scanf': This function or variable may be unsafe. Consider using scanf_s instead. To disable deprecation, use _CRT_SECURE_NO_WARNINGS. See online help for details.
                 C:\Program Files (x86)\Microsoft Visual Studio 10.0\VC\include\stdio.h(304) : see declaration of 'scanf'
     1>PARTIDA.c(246): warning C4028: formal parameter 2 different from declaration
     1>PARTIDA.c(268): warning C4996: 'scanf': This function or variable may be unsafe. Consider using scanf_s instead. To disable deprecation, use _CRT_SECURE_NO_WARNINGS. See online help for details.
                 C:\Program Files (x86)\Microsoft Visual Studio 10.0\VC\include\stdio.h(304) : see declaration of 'scanf'
     1>PARTIDA.c(250): warning C4101: 'peso' : unreferenced local variable
     1>PARTIDA.c(247): warning C4101: 'pCarta' : unreferenced local variable
     1>PARTIDA.c(248): warning C4101: 'pCartaDummy' : unreferenced local variable
     1>PARTIDA.c(319): warning C4996: 'scanf': This function or variable may be unsafe. Consider using scanf_s instead. To disable deprecation, use _CRT_SECURE_NO_WARNINGS. See online help for details.
                 C:\Program Files (x86)\Microsoft Visual Studio 10.0\VC\include\stdio.h(304) : see declaration of 'scanf'
     1>PARTIDA.c(324): warning C4996: 'scanf': This function or variable may be unsafe. Consider using scanf_s instead. To disable deprecation, use _CRT_SECURE_NO_WARNINGS. See online help for details.
                 C:\Program Files (x86)\Microsoft Visual Studio 10.0\VC\include\stdio.h(304) : see declaration of 'scanf'
     1>PARTIDA.c(356): warning C4101: 'novaPartida' : unreferenced local variable
       Link:
         C:\Program Files (x86)\Microsoft Visual Studio 10.0\VC\bin\link.exe /ERRORREPORT:PROMPT /OUT:"C:\Users\tubas\Desktop\debug grupo\truco-modular\Release\T4-debug.exe" /INCREMENTAL:NO /NOLOGO kernel32.lib user32.lib gdi32.lib winspool.lib comdlg32.lib advapi32.lib shell32.lib ole32.lib oleaut32.lib uuid.lib odbc32.lib odbccp32.lib /MANIFEST /ManifestFile:"Release\T4-debug.exe.intermediate.manifest" /MANIFESTUAC:"level='asInvoker' uiAccess='false'" /DEBUG /PDB:"C:\Users\tubas\Desktop\debug grupo\truco-modular\Release\T4-debug.pdb" /SUBSYSTEM:CONSOLE /OPT:REF /OPT:ICF /LTCG /TLBID:1 /DYNAMICBASE /NXCOMPAT /IMPLIB:"C:\Users\tubas\Desktop\debug grupo\truco-modular\Release\T4-debug.lib" /MACHINE:X86 Release\BARALHO.obj
         Release\LISTA.obj
         Release\PARTIDA.obj
         Generating code
         Finished generating code
         T4-debug.vcxproj -> C:\Users\tubas\Desktop\debug grupo\truco-modular\Release\T4-debug.exe
       Manifest:
         C:\Program Files (x86)\Microsoft SDKs\Windows\v7.0A\bin\mt.exe /nologo /verbose /outputresource:"C:\Users\tubas\Desktop\debug grupo\truco-modular\Release\T4-debug.exe;#1" /manifest "Release\T4-debug.exe.intermediate.manifest"
       FinalizeBuildStatus:
         Deleting file "Release\T4-debug.unsuccessfulbuild".
         Touching "Release\T4-debug.lastbuildstate".
     1>Done Building Project "C:\Users\tubas\Desktop\debug grupo\truco-modular\T4-debug\T4-debug.vcxproj" (build target(s)).

Build succeeded.

Time Elapsed 00:00:01.40
