

#################### Compilacao do construto: TESTBAR

baralho.c
..\Fontes\baralho.c(127) : warning C4996: 'strcpy': This function or variable may be unsafe. Consider using strcpy_s instead. To disable deprecation, use _CRT_SECURE_NO_WARNINGS. See online help for details.
        C:\Program Files (x86)\Microsoft Visual Studio 10.0\VC\INCLUDE\string.h(105) : see declaration of 'strcpy'
..\Fontes\baralho.c(224) : warning C4101: 'j' : unreferenced local variable
..\Fontes\baralho.c(556) : warning C4996: 'strcpy': This function or variable may be unsafe. Consider using strcpy_s instead. To disable deprecation, use _CRT_SECURE_NO_WARNINGS. See online help for details.
        C:\Program Files (x86)\Microsoft Visual Studio 10.0\VC\INCLUDE\string.h(105) : see declaration of 'strcpy'
..\Fontes\baralho.c(608) : warning C4996: 'strcpy': This function or variable may be unsafe. Consider using strcpy_s instead. To disable deprecation, use _CRT_SECURE_NO_WARNINGS. See online help for details.
        C:\Program Files (x86)\Microsoft Visual Studio 10.0\VC\INCLUDE\string.h(105) : see declaration of 'strcpy'
c:\users\tubas\desktop\git master grupo\truco-modular\programa\baralho\fontes\baralho.c(310) : warning C4701: potentially uninitialized local variable 'peso' used
c:\users\tubas\desktop\git master grupo\truco-modular\programa\baralho\fontes\baralho.c(322) : warning C4701: potentially uninitialized local variable 'retorno' used
lista.c
testbar.c
..\Fontes\testbar.c(166) : warning C4013: 'BAR_DestruirCarta' undefined; assuming extern returning int
..\Fontes\testbar.c(106) : warning C4101: 'Ret' : unreferenced local variable
..\Fontes\testbar.c(101) : warning C4101: 'inxbaralho2' : unreferenced local variable
..\Fontes\testbar.c(99) : warning C4101: 'auxiliar' : unreferenced local variable
c:\users\tubas\desktop\git master grupo\truco-modular\programa\baralho\fontes\testbar.c(247) : warning C4715: 'TST_EfetuarComando' : not all control paths return a value
Microsoft (R) Incremental Linker Version 10.00.30319.01
Copyright (C) Microsoft Corporation.  All rights reserved.

/OUT:..\Produto\TESTBAR.exe 
/INCREMENTAL:NO 
/MACHINE:IX86 
baralho.obj lista.obj testbar.obj 
ArcaboucoTeste.lib 


#################### Compilacao do construto: TESTBARDEBUG

baralho.c
..\Fontes\baralho.c(127) : warning C4996: 'strcpy': This function or variable may be unsafe. Consider using strcpy_s instead. To disable deprecation, use _CRT_SECURE_NO_WARNINGS. See online help for details.
        C:\Program Files (x86)\Microsoft Visual Studio 10.0\VC\INCLUDE\string.h(105) : see declaration of 'strcpy'
..\Fontes\baralho.c(224) : warning C4101: 'j' : unreferenced local variable
..\Fontes\baralho.c(556) : warning C4996: 'strcpy': This function or variable may be unsafe. Consider using strcpy_s instead. To disable deprecation, use _CRT_SECURE_NO_WARNINGS. See online help for details.
        C:\Program Files (x86)\Microsoft Visual Studio 10.0\VC\INCLUDE\string.h(105) : see declaration of 'strcpy'
..\Fontes\baralho.c(608) : warning C4996: 'strcpy': This function or variable may be unsafe. Consider using strcpy_s instead. To disable deprecation, use _CRT_SECURE_NO_WARNINGS. See online help for details.
        C:\Program Files (x86)\Microsoft Visual Studio 10.0\VC\INCLUDE\string.h(105) : see declaration of 'strcpy'
c:\users\tubas\desktop\git master grupo\truco-modular\programa\baralho\fontes\baralho.c(310) : warning C4701: potentially uninitialized local variable 'peso' used
c:\users\tubas\desktop\git master grupo\truco-modular\programa\baralho\fontes\baralho.c(322) : warning C4701: potentially uninitialized local variable 'retorno' used
lista.c
testbar.c
..\Fontes\testbar.c(166) : warning C4013: 'BAR_DestruirCarta' undefined; assuming extern returning int
..\Fontes\testbar.c(106) : warning C4101: 'Ret' : unreferenced local variable
..\Fontes\testbar.c(101) : warning C4101: 'inxbaralho2' : unreferenced local variable
..\Fontes\testbar.c(99) : warning C4101: 'auxiliar' : unreferenced local variable
c:\users\tubas\desktop\git master grupo\truco-modular\programa\baralho\fontes\testbar.c(247) : warning C4715: 'TST_EfetuarComando' : not all control paths return a value
Microsoft (R) Incremental Linker Version 10.00.30319.01
Copyright (C) Microsoft Corporation.  All rights reserved.

/OUT:..\Produto\TESTBARDEBUG.exe 
/INCREMENTAL:NO 
/MACHINE:IX86 
baralho.obj lista.obj testbar.obj 
ArcaboucoTeste.lib 
