C:\USERS\TUBAS\DESKTOP\DEBUG GRUPO\TRUCO-MODULAR\DEBUG\T4-DEBUG.EXE
C:\USERS\TUBAS\DESKTOP\DEBUG GRUPO\TRUCO-MODULAR\DEBUG\T4-DEBUG.PDB
C:\USERS\TUBAS\DESKTOP\DEBUG GRUPO\TRUCO-MODULAR\T4-DEBUG\DEBUG\BARALHO.OBJ
C:\Users\tubas\Desktop\debug grupo\truco-modular\T4-debug\Debug\cl.command.1.tlog
C:\Users\tubas\Desktop\debug grupo\truco-modular\T4-debug\Debug\CL.read.1.tlog
C:\Users\tubas\Desktop\debug grupo\truco-modular\T4-debug\Debug\CL.write.1.tlog
C:\Users\tubas\Desktop\debug grupo\truco-modular\T4-debug\Debug\link.14864.read.1.tlog
C:\Users\tubas\Desktop\debug grupo\truco-modular\T4-debug\Debug\link.14864.write.1.tlog
C:\Users\tubas\Desktop\debug grupo\truco-modular\T4-debug\Debug\link.14864-cvtres.read.1.tlog
C:\Users\tubas\Desktop\debug grupo\truco-modular\T4-debug\Debug\link.14864-cvtres.write.1.tlog
C:\Users\tubas\Desktop\debug grupo\truco-modular\T4-debug\Debug\link.2572.read.1.tlog
C:\Users\tubas\Desktop\debug grupo\truco-modular\T4-debug\Debug\link.2572.write.1.tlog
C:\Users\tubas\Desktop\debug grupo\truco-modular\T4-debug\Debug\link.2572-cvtres.read.1.tlog
C:\Users\tubas\Desktop\debug grupo\truco-modular\T4-debug\Debug\link.2572-cvtres.write.1.tlog
C:\Users\tubas\Desktop\debug grupo\truco-modular\T4-debug\Debug\link.command.1.tlog
C:\Users\tubas\Desktop\debug grupo\truco-modular\T4-debug\Debug\link.read.1.tlog
C:\Users\tubas\Desktop\debug grupo\truco-modular\T4-debug\Debug\link.write.1.tlog
C:\Users\tubas\Desktop\debug grupo\truco-modular\T4-debug\Debug\link-cvtres.read.1.tlog
C:\Users\tubas\Desktop\debug grupo\truco-modular\T4-debug\Debug\link-cvtres.write.1.tlog
C:\USERS\TUBAS\DESKTOP\DEBUG GRUPO\TRUCO-MODULAR\T4-DEBUG\DEBUG\LISTA.OBJ
C:\Users\tubas\Desktop\debug grupo\truco-modular\T4-debug\Debug\mt.command.1.tlog
C:\Users\tubas\Desktop\debug grupo\truco-modular\T4-debug\Debug\mt.read.1.tlog
C:\Users\tubas\Desktop\debug grupo\truco-modular\T4-debug\Debug\mt.write.1.tlog
C:\USERS\TUBAS\DESKTOP\DEBUG GRUPO\TRUCO-MODULAR\T4-DEBUG\DEBUG\PARTIDA.OBJ
C:\Users\tubas\Desktop\debug grupo\truco-modular\T4-debug\Debug\rc.command.1.tlog
C:\Users\tubas\Desktop\debug grupo\truco-modular\T4-debug\Debug\rc.read.1.tlog
C:\Users\tubas\Desktop\debug grupo\truco-modular\T4-debug\Debug\rc.write.1.tlog
C:\Users\tubas\Desktop\debug grupo\truco-modular\T4-debug\Debug\T4-debug.exe.embed.manifest
C:\Users\tubas\Desktop\debug grupo\truco-modular\T4-debug\Debug\T4-debug.exe.embed.manifest.res
C:\USERS\TUBAS\DESKTOP\DEBUG GRUPO\TRUCO-MODULAR\T4-DEBUG\DEBUG\T4-DEBUG.EXE.INTERMEDIATE.MANIFEST
C:\Users\tubas\Desktop\debug grupo\truco-modular\T4-debug\Debug\T4-debug.vcxprojResolveAssemblyReference.cache
C:\Users\tubas\Desktop\debug grupo\truco-modular\T4-debug\Debug\T4-debug.write.1.tlog
C:\Users\tubas\Desktop\debug grupo\truco-modular\T4-debug\Debug\T4-debug_manifest.rc
C:\Users\tubas\Desktop\debug grupo\truco-modular\T4-debug\Debug\teste.obj
C:\Users\tubas\Desktop\debug grupo\truco-modular\T4-debug\Debug\vc100.idb
C:\USERS\TUBAS\DESKTOP\DEBUG GRUPO\TRUCO-MODULAR\T4-DEBUG\DEBUG\VC100.PDB
C:\USERS\TUBAS\DESKTOP\T4 TRUCO PROJETO VISUALSTUDIO\T4-DEBUG\DEBUG\T4-DEBUG.EXE
C:\USERS\TUBAS\DESKTOP\T4 TRUCO PROJETO VISUALSTUDIO\T4-DEBUG\DEBUG\T4-DEBUG.PDB
C:\USERS\TUBAS\DESKTOP\T4 TRUCO PROJETO VISUALSTUDIO\T4-DEBUG\T4-DEBUG\DEBUG\BARALHO.OBJ
C:\USERS\TUBAS\DESKTOP\T4 TRUCO PROJETO VISUALSTUDIO\T4-DEBUG\T4-DEBUG\DEBUG\LISTA.OBJ
C:\USERS\TUBAS\DESKTOP\T4 TRUCO PROJETO VISUALSTUDIO\T4-DEBUG\T4-DEBUG\DEBUG\PARTIDA.OBJ
C:\USERS\TUBAS\DESKTOP\T4 TRUCO PROJETO VISUALSTUDIO\T4-DEBUG\T4-DEBUG\DEBUG\T4-DEBUG.EXE.EMBED.MANIFEST
C:\USERS\TUBAS\DESKTOP\T4 TRUCO PROJETO VISUALSTUDIO\T4-DEBUG\T4-DEBUG\DEBUG\T4-DEBUG.EXE.EMBED.MANIFEST.RES
C:\USERS\TUBAS\DESKTOP\T4 TRUCO PROJETO VISUALSTUDIO\T4-DEBUG\T4-DEBUG\DEBUG\T4-DEBUG.EXE.INTERMEDIATE.MANIFEST
C:\USERS\TUBAS\DESKTOP\T4 TRUCO PROJETO VISUALSTUDIO\T4-DEBUG\T4-DEBUG\DEBUG\TESTE.OBJ
C:\USERS\TUBAS\DESKTOP\T4 TRUCO PROJETO VISUALSTUDIO\T4-DEBUG\T4-DEBUG\DEBUG\VC100.PDB
