Build started 15/06/2018 21:39:59.
     1>Project "C:\Users\tubas\Desktop\T4 Truco Projeto VisualStudio\T4-debug\T4-debug\T4-debug.vcxproj" on node 2 (build target(s)).
     1>InitializeBuildStatus:
         Creating "Debug\T4-debug.unsuccessfulbuild" because "AlwaysCreate" was specified.
       ClCompile:
         C:\Program Files (x86)\Microsoft Visual Studio 10.0\VC\bin\CL.exe /c /ZI /nologo /W3 /WX- /Od /Oy- /D WIN32 /D _DEBUG /D _CONSOLE /D _UNICODE /D UNICODE /Gm /EHsc /RTC1 /MDd /GS /fp:precise /Zc:wchar_t /Zc:forScope /Fo"Debug\\" /Fd"Debug\vc100.pdb" /Gd /TC /analyze- /errorReport:prompt PARTIDA.c
         PARTIDA.c
     1>c:\users\tubas\desktop\t4 truco projeto visualstudio\t4-debug\t4-debug\partida.c(74): warning C4996: 'strcpy': This function or variable may be unsafe. Consider using strcpy_s instead. To disable deprecation, use _CRT_SECURE_NO_WARNINGS. See online help for details.
                 c:\program files (x86)\microsoft visual studio 10.0\vc\include\string.h(105) : see declaration of 'strcpy'
       Link:
         C:\Program Files (x86)\Microsoft Visual Studio 10.0\VC\bin\link.exe /ERRORREPORT:PROMPT /OUT:"C:\Users\tubas\Desktop\T4 Truco Projeto VisualStudio\T4-debug\Debug\T4-debug.exe" /INCREMENTAL:NO /NOLOGO kernel32.lib user32.lib gdi32.lib winspool.lib comdlg32.lib advapi32.lib shell32.lib ole32.lib oleaut32.lib uuid.lib odbc32.lib odbccp32.lib /MANIFEST /ManifestFile:"Debug\T4-debug.exe.intermediate.manifest" /MANIFESTUAC:"level='asInvoker' uiAccess='false'" /DEBUG /PDB:"C:\Users\tubas\Desktop\T4 Truco Projeto VisualStudio\T4-debug\Debug\T4-debug.pdb" /SUBSYSTEM:CONSOLE /TLBID:1 /DYNAMICBASE /NXCOMPAT /IMPLIB:"C:\Users\tubas\Desktop\T4 Truco Projeto VisualStudio\T4-debug\Debug\T4-debug.lib" /MACHINE:X86 Debug\BARALHO.obj
         Debug\LISTA.obj
         Debug\PARTIDA.obj
     1>BARALHO.obj : warning LNK4075: ignoring '/EDITANDCONTINUE' due to '/INCREMENTAL:NO' specification
         T4-debug.vcxproj -> C:\Users\tubas\Desktop\T4 Truco Projeto VisualStudio\T4-debug\Debug\T4-debug.exe
       Manifest:
         C:\Program Files (x86)\Microsoft SDKs\Windows\v7.0A\bin\mt.exe /nologo /verbose /outputresource:"C:\Users\tubas\Desktop\T4 Truco Projeto VisualStudio\T4-debug\Debug\T4-debug.exe;#1" /manifest "Debug\T4-debug.exe.intermediate.manifest"
       FinalizeBuildStatus:
         Deleting file "Debug\T4-debug.unsuccessfulbuild".
         Touching "Debug\T4-debug.lastbuildstate".
     1>Done Building Project "C:\Users\tubas\Desktop\T4 Truco Projeto VisualStudio\T4-debug\T4-debug\T4-debug.vcxproj" (build target(s)).

Build succeeded.

Time Elapsed 00:00:00.47
