lista.c
baralho.c
..\Fontes\baralho.c(108) : warning C4244: 'function' : conversion from 'time_t' to 'unsigned int', possible loss of data
..\Fontes\baralho.c(145) : warning C4029: declared formal parameter list different from definition
testbar.c
..\Fontes\testbar.c(152) : warning C4013: 'BAR_ObtemValor' undefined; assuming extern returning int
..\Fontes\testbar.c(91) : warning C4189: 'numElem' : local variable is initialized but not referenced
..\Fontes\testbar.c(86) : warning C4189: 'inxLista' : local variable is initialized but not referenced
..\Fontes\testbar.c(93) : warning C4101: 'CondRet' : unreferenced local variable
..\Fontes\testbar.c(87) : warning C4189: 'inxBaralho' : local variable is initialized but not referenced
..\Fontes\testbar.c(95) : warning C4101: 'pCarta' : unreferenced local variable
..\Fontes\testbar.c(90) : warning C4189: 'CondRetEsp' : local variable is initialized but not referenced
..\Fontes\testbar.c(85) : warning C4189: 'inxCarta2' : local variable is initialized but not referenced
Microsoft (R) Incremental Linker Version 10.00.30319.01
Copyright (C) Microsoft Corporation.  All rights reserved.

/OUT:..\produto\TesteBaralho.exe 
/INCREMENTAL:NO 
/MACHINE:IX86 
lista.obj baralho.obj testbar.obj 
ArcaboucoTeste.lib 
